<?xml version="1.0" encoding="UTF-8"?>
<testng-results ignored="0" total="1" passed="1" failed="0" skipped="0">
  <reporter-output>
  </reporter-output>
  <suite started-at="2022-08-17T13:16:09 AST" name="Default suite" finished-at="2022-08-17T13:17:01 AST" duration-ms="52035">
    <groups>
    </groups>
    <test started-at="2022-08-17T13:16:09 AST" name="Default test" finished-at="2022-08-17T13:17:01 AST" duration-ms="52035">
      <class name="flowerd.FlowerdStore">
        <test-method is-config="true" signature="before()[pri:0, instance:flowerd.FlowerdStore@3d1cfad4]" started-at="2022-08-17T13:16:09 AST" name="before" finished-at="2022-08-17T13:16:17 AST" duration-ms="7811" status="PASS">
          <reporter-output>
          </reporter-output>
        </test-method> <!-- before -->
        <test-method signature="sigup()[pri:0, instance:flowerd.FlowerdStore@3d1cfad4]" started-at="2022-08-17T13:16:17 AST" name="sigup" finished-at="2022-08-17T13:17:01 AST" duration-ms="44180" status="PASS">
          <reporter-output>
          </reporter-output>
        </test-method> <!-- sigup -->
      </class> <!-- flowerd.FlowerdStore -->
    </test> <!-- Default test -->
  </suite> <!-- Default suite -->
</testng-results>
